[debug] [2019-09-12T10:04:46.869Z] ----------------------------------------------------------------------
[debug] [2019-09-12T10:04:46.875Z] Command:       C:\Program Files\nodejs\node.exe C:\Users\chris\AppData\Roaming\npm\node_modules\firebase-tools\lib\bin\firebase.js deploy
[debug] [2019-09-12T10:04:46.875Z] CLI Version:   7.3.0
[debug] [2019-09-12T10:04:46.875Z] Platform:      win32
[debug] [2019-09-12T10:04:46.875Z] Node Version:  v8.9.3
[debug] [2019-09-12T10:04:46.876Z] Time:          Thu Sep 12 2019 17:04:46 GMT+0700 (SE Asia Standard Time)
[debug] [2019-09-12T10:04:46.876Z] ----------------------------------------------------------------------
[debug] 
[debug] [2019-09-12T10:04:46.917Z] > command requires scopes: ["email","openid","https://www.googleapis.com/auth/cloudplatformprojects.readonly","https://www.googleapis.com/auth/firebase","https://www.googleapis.com/auth/cloud-platform"]
[debug] [2019-09-12T10:04:46.920Z] > authorizing via signed-in user
[debug] [2019-09-12T10:04:46.921Z] [iam] checking project pipa-ppr for permissions ["firebase.projects.get","firebasehosting.sites.update"]
[debug] [2019-09-12T10:04:46.940Z] > refreshing access token with scopes: ["email","https://www.googleapis.com/auth/cloud-platform","https://www.googleapis.com/auth/cloudplatformprojects.readonly","https://www.googleapis.com/auth/firebase","openid"]
[debug] [2019-09-12T10:04:46.943Z] >>> HTTP REQUEST POST https://www.googleapis.com/oauth2/v3/token  
 <request body omitted>
[debug] [2019-09-12T10:04:47.552Z] <<< HTTP RESPONSE 200
[debug] [2019-09-12T10:04:47.567Z] >>> HTTP REQUEST POST https://cloudresourcemanager.googleapis.com/v1/projects/pipa-ppr:testIamPermissions  

[debug] [2019-09-12T10:04:48.996Z] <<< HTTP RESPONSE 200
[debug] [2019-09-12T10:04:48.999Z] >>> HTTP REQUEST GET https://firebase.googleapis.com/v1beta1/projects/pipa-ppr  
 
[debug] [2019-09-12T10:04:49.619Z] <<< HTTP RESPONSE 200
[info] 
[info] === Deploying to 'pipa-ppr'...
[info] 
[info] i  deploying hosting
[debug] [2019-09-12T10:04:49.631Z] >>> HTTP REQUEST POST https://firebasehosting.googleapis.com/v1beta1/sites/pipa-ppr/versions  

[debug] [2019-09-12T10:04:51.863Z] <<< HTTP RESPONSE 200
[info] i  hosting[pipa-ppr]: beginning deploy...
[info] i  hosting[pipa-ppr]: found 151 files in public
[debug] [2019-09-12T10:04:51.958Z] [hosting] hash cache [cHVibGlj] load error: lines is not defined
[debug] [2019-09-12T10:04:53.082Z] [hosting] hash cache [cHVibGlj] stored for 151 files
[debug] [2019-09-12T10:04:53.083Z] [hosting][hash queue][FINAL]
[debug] [2019-09-12T10:04:53.083Z] >>> HTTP REQUEST POST https://firebasehosting.googleapis.com/v1beta1/sites/pipa-ppr/versions/e278385db1d6e7eb:populateFiles  
 <request body omitted>
[debug] [2019-09-12T10:04:56.549Z] <<< HTTP RESPONSE 200
[debug] [2019-09-12T10:04:56.601Z] [hosting][populate queue][FINAL]
[debug] [2019-09-12T10:04:56.601Z] [hosting] uploads queued: 73
[debug] [2019-09-12T10:05:03.901Z] [hosting][upload queue][FINAL]
[info] +  hosting[pipa-ppr]: file upload complete
[debug] [2019-09-12T10:05:03.902Z] [hosting] deploy completed after 12037ms
[debug] [2019-09-12T10:05:03.904Z] [
  {
    "config": {
      "public": "public",
      "ignore": [
        "firebase.json",
        "**/.*",
        "**/node_modules/**"
      ],
      "site": "pipa-ppr"
    },
    "site": "pipa-ppr",
    "version": "sites/pipa-ppr/versions/e278385db1d6e7eb"
  }
]
[info] i  hosting[pipa-ppr]: finalizing version...
[debug] [2019-09-12T10:05:03.905Z] >>> HTTP REQUEST PATCH https://firebasehosting.googleapis.com/v1beta1/sites/pipa-ppr/versions/e278385db1d6e7eb?updateMask=status  

